<?xml version="1.0" encoding="UTF-8"?>
<testsuite xmlns:xsi="http://www.w3.org/2001/XMLSchema-instance" xsi:noNamespaceSchemaLocation="https://maven.apache.org/surefire/maven-surefire-plugin/xsd/surefire-test-report.xsd" name="hu.webuni.airport.mark.HrApplicationTests" time="0.177" tests="1" errors="1" skipped="0" failures="0">
  <properties>
[...]
</properties>
  <testcase name="hu.webuni.airport.mark.HrApplicationTests" classname="hu.webuni.airport.mark.HrApplicationTests" time="0.177">
    <error message="Unable to find a @SpringBootConfiguration, you need to use @ContextConfiguration or @SpringBootTest(classes=...) with your test" type="java.lang.IllegalStateException">java.lang.IllegalStateException: Unable to find a @SpringBootConfiguration, you need to use @ContextConfiguration or @SpringBootTest(classes=...) with your test
</error>
    <system-out><![CDATA[18:41:47.009 [main] DEBUG org.springframework.test.context.BootstrapUtils - Instantiating CacheAwareContextLoaderDelegate from class [org.springframework.test.context.cache.DefaultCacheAwareContextLoaderDelegate]
18:41:47.018 [main] DEBUG org.springframework.test.context.BootstrapUtils - Instantiating BootstrapContext using constructor [public org.springframework.test.context.support.DefaultBootstrapContext(java.lang.Class,org.springframework.test.context.CacheAwareContextLoaderDelegate)]
18:41:47.054 [main] DEBUG org.springframework.test.context.BootstrapUtils - Instantiating TestContextBootstrapper for test class [hu.webuni.airport.mark.HrApplicationTests] from class [org.springframework.boot.test.context.SpringBootTestContextBootstrapper]
18:41:47.063 [main] INFO org.springframework.boot.test.context.SpringBootTestContextBootstrapper - Neither @ContextConfiguration nor @ContextHierarchy found for test class [hu.webuni.airport.mark.HrApplicationTests], using SpringBootContextLoader
18:41:47.065 [main] DEBUG org.springframework.test.context.support.AbstractContextLoader - Did not detect default resource location for test class [hu.webuni.airport.mark.HrApplicationTests]: class path resource [hu/webuni/airport/mark/HrApplicationTests-context.xml] does not exist
18:41:47.066 [main] DEBUG org.springframework.test.context.support.AbstractContextLoader - Did not detect default resource location for test class [hu.webuni.airport.mark.HrApplicationTests]: class path resource [hu/webuni/airport/mark/HrApplicationTestsContext.groovy] does not exist
18:41:47.066 [main] INFO org.springframework.test.context.support.AbstractContextLoader - Could not detect default resource locations for test class [hu.webuni.airport.mark.HrApplicationTests]: no resource found for suffixes {-context.xml, Context.groovy}.
18:41:47.066 [main] INFO org.springframework.test.context.support.AnnotationConfigContextLoaderUtils - Could not detect default configuration classes for test class [hu.webuni.airport.mark.HrApplicationTests]: HrApplicationTests does not declare any static, non-private, non-final, nested classes annotated with @Configuration.
18:41:47.102 [main] DEBUG org.springframework.test.context.support.ActiveProfilesUtils - Could not find an 'annotation declaring class' for annotation type [org.springframework.test.context.ActiveProfiles] and class [hu.webuni.airport.mark.HrApplicationTests]
]]></system-out>
  </testcase>
</testsuite>